<?xml version="1.0" encoding="UTF-8"?>
<testsuite xmlns:xsi="http://www.w3.org/2001/XMLSchema-instance" xsi:noNamespaceSchemaLocation="https://maven.apache.org/surefire/maven-surefire-plugin/xsd/surefire-test-report.xsd" name="kjd.gspro.api.v1.ClientImplTest" time="0.252" tests="14" errors="0" skipped="0" failures="1">
  <properties>
    <property name="awt.toolkit" value="sun.awt.X11.XToolkit"/>
    <property name="java.specification.version" value="11"/>
    <property name="sun.cpu.isalist" value=""/>
    <property name="sun.jnu.encoding" value="UTF-8"/>
    <property name="java.class.path" value="/workspaces/gspro-bridge/gspro-api/target/test-classes:/workspaces/gspro-bridge/gspro-api/target/classes:/home/vscode/.m2/repository/org/jetbrains/kotlin/kotlin-stdlib-jdk8/1.3.61/kotlin-stdlib-jdk8-1.3.61.jar:/home/vscode/.m2/repository/org/jetbrains/kotlin/kotlin-stdlib/1.3.61/kotlin-stdlib-1.3.61.jar:/home/vscode/.m2/repository/org/jetbrains/kotlin/kotlin-stdlib-common/1.3.61/kotlin-stdlib-common-1.3.61.jar:/home/vscode/.m2/repository/org/jetbrains/annotations/13.0/annotations-13.0.jar:/home/vscode/.m2/repository/org/jetbrains/kotlin/kotlin-stdlib-jdk7/1.3.61/kotlin-stdlib-jdk7-1.3.61.jar:/home/vscode/.m2/repository/org/apache/commons/commons-lang3/3.9/commons-lang3-3.9.jar:/home/vscode/.m2/repository/org/apache/commons/commons-text/1.6/commons-text-1.6.jar:/home/vscode/.m2/repository/org/apache/commons/commons-collections4/4.2/commons-collections4-4.2.jar:/home/vscode/.m2/repository/io/projectreactor/reactor-core/3.3.2.RELEASE/reactor-core-3.3.2.RELEASE.jar:/home/vscode/.m2/repository/org/reactivestreams/reactive-streams/1.0.3/reactive-streams-1.0.3.jar:/home/vscode/.m2/repository/com/fasterxml/jackson/core/jackson-databind/2.10.0.pr1/jackson-databind-2.10.0.pr1.jar:/home/vscode/.m2/repository/com/fasterxml/jackson/core/jackson-annotations/2.10.0.pr1/jackson-annotations-2.10.0.pr1.jar:/home/vscode/.m2/repository/com/fasterxml/jackson/datatype/jackson-datatype-guava/2.10.2/jackson-datatype-guava-2.10.2.jar:/home/vscode/.m2/repository/com/google/guava/guava/27.0-jre/guava-27.0-jre.jar:/home/vscode/.m2/repository/com/google/guava/failureaccess/1.0/failureaccess-1.0.jar:/home/vscode/.m2/repository/com/google/guava/listenablefuture/9999.0-empty-to-avoid-conflict-with-guava/listenablefuture-9999.0-empty-to-avoid-conflict-with-guava.jar:/home/vscode/.m2/repository/com/google/code/findbugs/jsr305/3.0.2/jsr305-3.0.2.jar:/home/vscode/.m2/repository/org/checkerframework/checker-qual/2.5.2/checker-qual-2.5.2.jar:/home/vscode/.m2/repository/com/google/errorprone/error_prone_annotations/2.2.0/error_prone_annotations-2.2.0.jar:/home/vscode/.m2/repository/com/google/j2objc/j2objc-annotations/1.1/j2objc-annotations-1.1.jar:/home/vscode/.m2/repository/org/codehaus/mojo/animal-sniffer-annotations/1.17/animal-sniffer-annotations-1.17.jar:/home/vscode/.m2/repository/org/mockito/mockito-all/2.0.2-beta/mockito-all-2.0.2-beta.jar:/home/vscode/.m2/repository/org/slf4j/slf4j-api/2.0.0-alpha6/slf4j-api-2.0.0-alpha6.jar:/home/vscode/.m2/repository/com/fasterxml/jackson/core/jackson-core/2.13.2/jackson-core-2.13.2.jar:/home/vscode/.m2/repository/org/projectlombok/lombok/1.18.22/lombok-1.18.22.jar:/home/vscode/.m2/repository/junit/junit/4.11/junit-4.11.jar:/home/vscode/.m2/repository/org/hamcrest/hamcrest-core/1.3/hamcrest-core-1.3.jar:"/>
    <property name="java.vm.vendor" value="Microsoft"/>
    <property name="sun.arch.data.model" value="64"/>
    <property name="java.vendor.url" value="https://www.microsoft.com"/>
    <property name="user.timezone" value=""/>
    <property name="java.vm.specification.version" value="11"/>
    <property name="os.name" value="Linux"/>
    <property name="sun.java.launcher" value="SUN_STANDARD"/>
    <property name="user.country" value="US"/>
    <property name="sun.boot.library.path" value="/usr/lib/jvm/msopenjdk-11/lib"/>
    <property name="sun.java.command" value="/workspaces/gspro-bridge/gspro-api/target/surefire/surefirebooter8248112701602305884.jar /workspaces/gspro-bridge/gspro-api/target/surefire 2022-03-09T22-12-22_296-jvmRun1 surefire17354505953915371315tmp surefire_016581718964973052921tmp"/>
    <property name="jdk.debug" value="release"/>
    <property name="surefire.test.class.path" value="/workspaces/gspro-bridge/gspro-api/target/test-classes:/workspaces/gspro-bridge/gspro-api/target/classes:/home/vscode/.m2/repository/org/jetbrains/kotlin/kotlin-stdlib-jdk8/1.3.61/kotlin-stdlib-jdk8-1.3.61.jar:/home/vscode/.m2/repository/org/jetbrains/kotlin/kotlin-stdlib/1.3.61/kotlin-stdlib-1.3.61.jar:/home/vscode/.m2/repository/org/jetbrains/kotlin/kotlin-stdlib-common/1.3.61/kotlin-stdlib-common-1.3.61.jar:/home/vscode/.m2/repository/org/jetbrains/annotations/13.0/annotations-13.0.jar:/home/vscode/.m2/repository/org/jetbrains/kotlin/kotlin-stdlib-jdk7/1.3.61/kotlin-stdlib-jdk7-1.3.61.jar:/home/vscode/.m2/repository/org/apache/commons/commons-lang3/3.9/commons-lang3-3.9.jar:/home/vscode/.m2/repository/org/apache/commons/commons-text/1.6/commons-text-1.6.jar:/home/vscode/.m2/repository/org/apache/commons/commons-collections4/4.2/commons-collections4-4.2.jar:/home/vscode/.m2/repository/io/projectreactor/reactor-core/3.3.2.RELEASE/reactor-core-3.3.2.RELEASE.jar:/home/vscode/.m2/repository/org/reactivestreams/reactive-streams/1.0.3/reactive-streams-1.0.3.jar:/home/vscode/.m2/repository/com/fasterxml/jackson/core/jackson-databind/2.10.0.pr1/jackson-databind-2.10.0.pr1.jar:/home/vscode/.m2/repository/com/fasterxml/jackson/core/jackson-annotations/2.10.0.pr1/jackson-annotations-2.10.0.pr1.jar:/home/vscode/.m2/repository/com/fasterxml/jackson/datatype/jackson-datatype-guava/2.10.2/jackson-datatype-guava-2.10.2.jar:/home/vscode/.m2/repository/com/google/guava/guava/27.0-jre/guava-27.0-jre.jar:/home/vscode/.m2/repository/com/google/guava/failureaccess/1.0/failureaccess-1.0.jar:/home/vscode/.m2/repository/com/google/guava/listenablefuture/9999.0-empty-to-avoid-conflict-with-guava/listenablefuture-9999.0-empty-to-avoid-conflict-with-guava.jar:/home/vscode/.m2/repository/com/google/code/findbugs/jsr305/3.0.2/jsr305-3.0.2.jar:/home/vscode/.m2/repository/org/checkerframework/checker-qual/2.5.2/checker-qual-2.5.2.jar:/home/vscode/.m2/repository/com/google/errorprone/error_prone_annotations/2.2.0/error_prone_annotations-2.2.0.jar:/home/vscode/.m2/repository/com/google/j2objc/j2objc-annotations/1.1/j2objc-annotations-1.1.jar:/home/vscode/.m2/repository/org/codehaus/mojo/animal-sniffer-annotations/1.17/animal-sniffer-annotations-1.17.jar:/home/vscode/.m2/repository/org/mockito/mockito-all/2.0.2-beta/mockito-all-2.0.2-beta.jar:/home/vscode/.m2/repository/org/slf4j/slf4j-api/2.0.0-alpha6/slf4j-api-2.0.0-alpha6.jar:/home/vscode/.m2/repository/com/fasterxml/jackson/core/jackson-core/2.13.2/jackson-core-2.13.2.jar:/home/vscode/.m2/repository/org/projectlombok/lombok/1.18.22/lombok-1.18.22.jar:/home/vscode/.m2/repository/junit/junit/4.11/junit-4.11.jar:/home/vscode/.m2/repository/org/hamcrest/hamcrest-core/1.3/hamcrest-core-1.3.jar:"/>
    <property name="sun.cpu.endian" value="little"/>
    <property name="user.home" value="/home/vscode"/>
    <property name="user.language" value="en"/>
    <property name="java.specification.vendor" value="Oracle Corporation"/>
    <property name="java.version.date" value="2022-01-18"/>
    <property name="java.home" value="/usr/lib/jvm/msopenjdk-11"/>
    <property name="file.separator" value="/"/>
    <property name="basedir" value="/workspaces/gspro-bridge/gspro-api"/>
    <property name="java.vm.compressedOopsMode" value="32-bit"/>
    <property name="line.separator" value="&#10;"/>
    <property name="java.specification.name" value="Java Platform API Specification"/>
    <property name="java.vm.specification.vendor" value="Oracle Corporation"/>
    <property name="java.awt.graphicsenv" value="sun.awt.X11GraphicsEnvironment"/>
    <property name="surefire.real.class.path" value="/workspaces/gspro-bridge/gspro-api/target/surefire/surefirebooter8248112701602305884.jar"/>
    <property name="sun.management.compiler" value="HotSpot 64-Bit Tiered Compilers"/>
    <property name="java.runtime.version" value="11.0.14+9-LTS"/>
    <property name="user.name" value="vscode"/>
    <property name="path.separator" value=":"/>
    <property name="os.version" value="4.19.121-linuxkit"/>
    <property name="java.runtime.name" value="OpenJDK Runtime Environment"/>
    <property name="file.encoding" value="UTF-8"/>
    <property name="java.vm.name" value="OpenJDK 64-Bit Server VM"/>
    <property name="java.vendor.version" value="Microsoft-30257"/>
    <property name="localRepository" value="/home/vscode/.m2/repository"/>
    <property name="java.vendor.url.bug" value="https://github.com/microsoft/openjdk/issues"/>
    <property name="java.io.tmpdir" value="/tmp"/>
    <property name="java.version" value="11.0.14"/>
    <property name="user.dir" value="/workspaces/gspro-bridge/gspro-api"/>
    <property name="os.arch" value="amd64"/>
    <property name="java.vm.specification.name" value="Java Virtual Machine Specification"/>
    <property name="java.awt.printerjob" value="sun.print.PSPrinterJob"/>
    <property name="sun.os.patch.level" value="unknown"/>
    <property name="java.library.path" value="/usr/java/packages/lib:/usr/lib64:/lib64:/lib:/usr/lib"/>
    <property name="java.vm.info" value="mixed mode"/>
    <property name="java.vendor" value="Microsoft"/>
    <property name="java.vm.version" value="11.0.14+9-LTS"/>
    <property name="sun.io.unicode.encoding" value="UnicodeLittle"/>
    <property name="java.class.version" value="55.0"/>
  </properties>
  <testcase name="testGetHost_defaultValue" classname="kjd.gspro.api.v1.ClientImplTest" time="0.053"/>
  <testcase name="testGetStatusPublisher" classname="kjd.gspro.api.v1.ClientImplTest" time="0.001"/>
  <testcase name="testGetHost_customValue" classname="kjd.gspro.api.v1.ClientImplTest" time="0.002"/>
  <testcase name="testGetTimeout_defaultTimeout" classname="kjd.gspro.api.v1.ClientImplTest" time="0"/>
  <testcase name="testSend_connection_failure" classname="kjd.gspro.api.v1.ClientImplTest" time="0.074"/>
  <testcase name="testSend_connection_successful" classname="kjd.gspro.api.v1.ClientImplTest" time="0.001"/>
  <testcase name="testSend_noConnection" classname="kjd.gspro.api.v1.ClientImplTest" time="0"/>
  <testcase name="testIsconnected_afterDisconnect" classname="kjd.gspro.api.v1.ClientImplTest" time="0.001"/>
  <testcase name="testSubscribe" classname="kjd.gspro.api.v1.ClientImplTest" time="0.115">
    <failure message="&#10;Wanted but not invoked:&#10;publisher.complete();&#10;-&gt; at kjd.gspro.api.v1.ClientImplTest.testSubscribe(ClientImplTest.java:179)&#10;&#10;However, there were other interactions with this mock:&#10;publisher.publish(&#10;    Status(code=100, message=Connecting to GS Pro..., player=null, connected=false)&#10;);&#10;-&gt; at kjd.gspro.api.v1.ClientImpl.connect(ClientImpl.java:88)&#10;&#10;publisher.publish(&#10;    Status(code=100, message=Connected to GS Pro!, player=null, connected=true)&#10;);&#10;-&gt; at kjd.gspro.api.v1.ClientImpl.connect(ClientImpl.java:88)&#10;&#10;" type="org.mockito.exceptions.verification.WantedButNotInvoked">org.mockito.exceptions.verification.WantedButNotInvoked: 

Wanted but not invoked:
publisher.complete();
-> at kjd.gspro.api.v1.ClientImplTest.testSubscribe(ClientImplTest.java:179)

However, there were other interactions with this mock:
publisher.publish(
    Status(code=100, message=Connecting to GS Pro..., player=null, connected=false)
);
-> at kjd.gspro.api.v1.ClientImpl.connect(ClientImpl.java:88)

publisher.publish(
    Status(code=100, message=Connected to GS Pro!, player=null, connected=true)
);
-> at kjd.gspro.api.v1.ClientImpl.connect(ClientImpl.java:88)


	at kjd.gspro.api.v1.ClientImplTest.testSubscribe(ClientImplTest.java:179)
</failure>
  </testcase>
  <testcase name="testGetPort_defaultPort" classname="kjd.gspro.api.v1.ClientImplTest" time="0"/>
  <testcase name="testGetPort_customPort" classname="kjd.gspro.api.v1.ClientImplTest" time="0"/>
  <testcase name="testGetTimeout_customTimeout" classname="kjd.gspro.api.v1.ClientImplTest" time="0"/>
  <testcase name="testIsConnected_successfulConnection" classname="kjd.gspro.api.v1.ClientImplTest" time="0"/>
  <testcase name="testIsConnected_initialized_noConnection" classname="kjd.gspro.api.v1.ClientImplTest" time="0"/>
</testsuite>